[0330/131739.565:ERROR:process_memory_win.cc(73)] ReadMemory at 0x7ff649e00000 of 64 bytes failed: Somente uma parte de um pedido ReadProcessMemory ou WriteProcessMemory foi concluída. (0x12B)
[0330/131740.142:WARNING:pe_image_reader.cc(340)] could not read dos header from C:\Program Files (x86)\Google\Chrome\Application\chrome.exe
[0330/131740.142:ERROR:process_memory_win.cc(73)] ReadMemory at 0x7ffcf1300000 of 64 bytes failed: Somente uma parte de um pedido ReadProcessMemory ou WriteProcessMemory foi concluída. (0x12B)
[0330/131740.142:WARNING:pe_image_reader.cc(340)] could not read dos header from C:\WINDOWS\SYSTEM32\ntdll.dll
[0330/131740.142:ERROR:process_memory_win.cc(73)] ReadMemory at 0x7ffcf0010000 of 64 bytes failed: Somente uma parte de um pedido ReadProcessMemory ou WriteProcessMemory foi concluída. (0x12B)
[0330/131740.142:WARNING:pe_image_reader.cc(340)] could not read dos header from C:\WINDOWS\System32\KERNEL32.DLL
[0330/131740.142:ERROR:process_memory_win.cc(73)] ReadMemory at 0x7ffcedc90000 of 64 bytes failed: Somente uma parte de um pedido ReadProcessMemory ou WriteProcessMemory foi concluída. (0x12B)
[0330/131740.142:WARNING:pe_image_reader.cc(340)] could not read dos header from C:\WINDOWS\System32\KERNELBASE.dll
[0330/131740.142:ERROR:process_memory_win.cc(73)] ReadMemory at 0x7ffceb970000 of 64 bytes failed: Somente uma parte de um pedido ReadProcessMemory ou WriteProcessMemory foi concluída. (0x12B)
[0330/131740.142:WARNING:pe_image_reader.cc(340)] could not read dos header from C:\WINDOWS\SYSTEM32\apphelp.dll
[0330/131740.142:ERROR:process_memory_win.cc(73)] ReadMemory at 0x7ffcee890000 of 64 bytes failed: Somente uma parte de um pedido ReadProcessMemory ou WriteProcessMemory foi concluída. (0x12B)
[0330/131740.142:WARNING:pe_image_reader.cc(340)] could not read dos header from C:\WINDOWS\System32\SHELL32.dll
[0330/131740.142:ERROR:process_memory_win.cc(73)] ReadMemory at 0x7ffcee790000 of 64 bytes failed: Somente uma parte de um pedido ReadProcessMemory ou WriteProcessMemory foi concluída. (0x12B)
[0330/131740.142:WARNING:pe_image_reader.cc(340)] could not read dos header from C:\WINDOWS\System32\msvcrt.dll
[0330/131740.142:ERROR:process_memory_win.cc(73)] ReadMemory at 0x7ffcedf10000 of 64 bytes failed: Somente uma parte de um pedido ReadProcessMemory ou WriteProcessMemory foi concluída. (0x12B)
[0330/131740.142:WARNING:pe_image_reader.cc(340)] could not read dos header from C:\WINDOWS\System32\cfgmgr32.dll
[0330/131740.142:ERROR:process_memory_win.cc(73)] ReadMemory at 0x7ffced730000 of 64 bytes failed: Somente uma parte de um pedido ReadProcessMemory ou WriteProcessMemory foi concluída. (0x12B)
[0330/131740.142:WARNING:pe_image_reader.cc(340)] could not read dos header from C:\WINDOWS\System32\ucrtbase.dll
[0330/131740.142:ERROR:process_memory_win.cc(73)] ReadMemory at 0x247efb90000 of 64 bytes failed: Somente uma parte de um pedido ReadProcessMemory ou WriteProcessMemory foi concluída. (0x12B)
[0330/131740.142:WARNING:pe_image_reader.cc(340)] could not read dos header from C:\WINDOWS\System32\shcore.dll
[0330/131740.142:ERROR:process_memory_win.cc(73)] ReadMemory at 0x7ffcf0ce0000 of 64 bytes failed: Somente uma parte de um pedido ReadProcessMemory ou WriteProcessMemory foi concluída. (0x12B)
[0330/131740.142:WARNING:pe_image_reader.cc(340)] could not read dos header from C:\WINDOWS\System32\RPCRT4.dll
[0330/131740.142:ERROR:process_memory_win.cc(73)] ReadMemory at 0x7ffcf04b0000 of 64 bytes failed: Somente uma parte de um pedido ReadProcessMemory ou WriteProcessMemory foi concluída. (0x12B)
[0330/131740.142:WARNING:pe_image_reader.cc(340)] could not read dos header from C:\WINDOWS\System32\combase.dll
[0330/131740.142:ERROR:process_memory_win.cc(73)] ReadMemory at 0x7ffcee670000 of 64 bytes failed: Somente uma parte de um pedido ReadProcessMemory ou WriteProcessMemory foi concluída. (0x12B)
[0330/131740.142:WARNING:pe_image_reader.cc(340)] could not read dos header from C:\WINDOWS\System32\bcryptPrimitives.dll
[0330/131740.142:ERROR:process_memory_win.cc(73)] ReadMemory at 0x7ffcedf60000 of 64 bytes failed: Somente uma parte de um pedido ReadProcessMemory ou WriteProcessMemory foi concluída. (0x12B)
[0330/131740.142:WARNING:pe_image_reader.cc(340)] could not read dos header from C:\WINDOWS\System32\windows.storage.dll
[0330/131740.145:ERROR:process_memory_win.cc(73)] ReadMemory at 0x7ffcf01a0000 of 64 bytes failed: Somente uma parte de um pedido ReadProcessMemory ou WriteProcessMemory foi concluída. (0x12B)
[0330/131740.145:WARNING:pe_image_reader.cc(340)] could not read dos header from C:\WINDOWS\System32\advapi32.dll
[0330/131740.145:ERROR:process_memory_win.cc(73)] ReadMemory at 0x7ffcefe40000 of 64 bytes failed: Somente uma parte de um pedido ReadProcessMemory ou WriteProcessMemory foi concluída. (0x12B)
[0330/131740.145:WARNING:pe_image_reader.cc(340)] could not read dos header from C:\WINDOWS\System32\sechost.dll
[0330/131740.145:ERROR:process_memory_win.cc(73)] ReadMemory at 0x7ffcf0450000 of 64 bytes failed: Somente uma parte de um pedido ReadProcessMemory ou WriteProcessMemory foi concluída. (0x12B)
[0330/131740.145:WARNING:pe_image_reader.cc(340)] could not read dos header from C:\WINDOWS\System32\shlwapi.dll
[0330/131740.145:ERROR:process_memory_win.cc(73)] ReadMemory at 0x7ffcf0a30000 of 64 bytes failed: Somente uma parte de um pedido ReadProcessMemory ou WriteProcessMemory foi concluída. (0x12B)
[0330/131740.145:WARNING:pe_image_reader.cc(340)] could not read dos header from C:\WINDOWS\System32\GDI32.dll
[0330/131740.145:ERROR:process_memory_win.cc(73)] ReadMemory at 0x7ffcedaf0000 of 64 bytes failed: Somente uma parte de um pedido ReadProcessMemory ou WriteProcessMemory foi concluída. (0x12B)
[0330/131740.145:WARNING:pe_image_reader.cc(340)] could not read dos header from C:\WINDOWS\System32\gdi32full.dll
[0330/131740.145:ERROR:process_memory_win.cc(73)] ReadMemory at 0x7ffcee6f0000 of 64 bytes failed: Somente uma parte de um pedido ReadProcessMemory ou WriteProcessMemory foi concluída. (0x12B)
[0330/131740.145:WARNING:pe_image_reader.cc(340)] could not read dos header from C:\WINDOWS\System32\msvcp_win.dll
[0330/131740.145:ERROR:process_memory_win.cc(73)] ReadMemory at 0x7ffcf0b50000 of 64 bytes failed: Somente uma parte de um pedido ReadProcessMemory ou WriteProcessMemory foi concluída. (0x12B)
[0330/131740.145:WARNING:pe_image_reader.cc(340)] could not read dos header from C:\WINDOWS\System32\USER32.dll
[0330/131740.145:ERROR:process_memory_win.cc(73)] ReadMemory at 0x7ffceda20000 of 64 bytes failed: Somente uma parte de um pedido ReadProcessMemory ou WriteProcessMemory foi concluída. (0x12B)
[0330/131740.145:WARNING:pe_image_reader.cc(340)] could not read dos header from C:\WINDOWS\System32\win32u.dll
[0330/131740.145:ERROR:process_memory_win.cc(73)] ReadMemory at 0x7ffced690000 of 64 bytes failed: Somente uma parte de um pedido ReadProcessMemory ou WriteProcessMemory foi concluída. (0x12B)
[0330/131740.145:WARNING:pe_image_reader.cc(340)] could not read dos header from C:\WINDOWS\System32\kernel.appcore.dll
[0330/131740.145:ERROR:process_memory_win.cc(73)] ReadMemory at 0x7ffced6b0000 of 64 bytes failed: Somente uma parte de um pedido ReadProcessMemory ou WriteProcessMemory foi concluída. (0x12B)
[0330/131740.145:WARNING:pe_image_reader.cc(340)] could not read dos header from C:\WINDOWS\System32\profapi.dll
[0330/131740.145:ERROR:process_memory_win.cc(73)] ReadMemory at 0x7ffced640000 of 64 bytes failed: Somente uma parte de um pedido ReadProcessMemory ou WriteProcessMemory foi concluída. (0x12B)
[0330/131740.145:WARNING:pe_image_reader.cc(340)] could not read dos header from C:\WINDOWS\System32\powrprof.dll
[0330/131740.145:ERROR:process_memory_win.cc(73)] ReadMemory at 0x7ffced630000 of 64 bytes failed: Somente uma parte de um pedido ReadProcessMemory ou WriteProcessMemory foi concluída. (0x12B)
[0330/131740.145:WARNING:pe_image_reader.cc(340)] could not read dos header from C:\WINDOWS\System32\FLTLIB.DLL
[0330/131740.145:ERROR:process_memory_win.cc(73)] ReadMemory at 0x7ffcce750000 of 64 bytes failed: Somente uma parte de um pedido ReadProcessMemory ou WriteProcessMemory foi concluída. (0x12B)
[0330/131740.145:WARNING:pe_image_reader.cc(340)] could not read dos header from C:\Program Files (x86)\Google\Chrome\Application\73.0.3683.86\chrome_elf.dll
[0330/131740.145:ERROR:process_memory_win.cc(73)] ReadMemory at 0x7ffce1e80000 of 64 bytes failed: Somente uma parte de um pedido ReadProcessMemory ou WriteProcessMemory foi concluída. (0x12B)
[0330/131740.145:WARNING:pe_image_reader.cc(340)] could not read dos header from C:\WINDOWS\SYSTEM32\VERSION.dll
[0330/131740.145:ERROR:process_memory_win.cc(73)] ReadMemory at 0x7ffceb760000 of 64 bytes failed: Somente uma parte de um pedido ReadProcessMemory ou WriteProcessMemory foi concluída. (0x12B)
[0330/131740.145:WARNING:pe_image_reader.cc(340)] could not read dos header from C:\WINDOWS\SYSTEM32\WINMM.dll
[0330/131740.145:ERROR:process_memory_win.cc(73)] ReadMemory at 0x7ffced510000 of 64 bytes failed: Somente uma parte de um pedido ReadProcessMemory ou WriteProcessMemory foi concluída. (0x12B)
[0330/131740.145:WARNING:pe_image_reader.cc(340)] could not read dos header from C:\WINDOWS\SYSTEM32\USERENV.dll
[0330/131740.145:ERROR:process_memory_win.cc(73)] ReadMemory at 0x7ffceb730000 of 64 bytes failed: Somente uma parte de um pedido ReadProcessMemory ou WriteProcessMemory foi concluída. (0x12B)
[0330/131740.145:WARNING:pe_image_reader.cc(340)] could not read dos header from C:\WINDOWS\SYSTEM32\WINMMBASE.dll
[0330/131740.145:ERROR:process_memory_win.cc(73)] ReadMemory at 0x7ffced060000 of 64 bytes failed: Somente uma parte de um pedido ReadProcessMemory ou WriteProcessMemory foi concluída. (0x12B)
[0330/131740.145:WARNING:pe_image_reader.cc(340)] could not read dos header from C:\WINDOWS\SYSTEM32\CRYPTBASE.DLL
[0330/131740.145:ERROR:process_memory_win.cc(73)] ReadMemory at 0x7ffcf0a00000 of 64 bytes failed: Somente uma parte de um pedido ReadProcessMemory ou WriteProcessMemory foi concluída. (0x12B)
[0330/131740.145:WARNING:pe_image_reader.cc(340)] could not read dos header from C:\WINDOWS\System32\IMM32.DLL
[0330/131740.145:ERROR:process_memory_win.cc(73)] ReadMemory at 0x7ffca98d0000 of 64 bytes failed: Somente uma parte de um pedido ReadProcessMemory ou WriteProcessMemory foi concluída. (0x12B)
[0330/131740.145:WARNING:pe_image_reader.cc(340)] could not read dos header from C:\Program Files (x86)\Google\Chrome\Application\73.0.3683.86\chrome_child.dll
[0330/131740.145:ERROR:process_memory_win.cc(73)] ReadMemory at 0x7ffcf0990000 of 64 bytes failed: Somente uma parte de um pedido ReadProcessMemory ou WriteProcessMemory foi concluída. (0x12B)
[0330/131740.145:WARNING:pe_image_reader.cc(340)] could not read dos header from C:\WINDOWS\System32\WS2_32.dll
[0330/131740.145:ERROR:process_memory_win.cc(73)] ReadMemory at 0x7ffcefeb0000 of 64 bytes failed: Somente uma parte de um pedido ReadProcessMemory ou WriteProcessMemory foi concluída. (0x12B)
[0330/131740.145:WARNING:pe_image_reader.cc(340)] could not read dos header from C:\WINDOWS\System32\ole32.dll
[0330/131740.147:ERROR:process_memory_win.cc(73)] ReadMemory at 0x7ffcefcd0000 of 64 bytes failed: Somente uma parte de um pedido ReadProcessMemory ou WriteProcessMemory foi concluída. (0x12B)
[0330/131740.147:WARNING:pe_image_reader.cc(340)] could not read dos header from C:\WINDOWS\System32\OLEAUT32.dll
[0330/131740.147:ERROR:process_memory_win.cc(73)] ReadMemory at 0x7ffced6d0000 of 64 bytes failed: Somente uma parte de um pedido ReadProcessMemory ou WriteProcessMemory foi concluída. (0x12B)
[0330/131740.147:WARNING:pe_image_reader.cc(340)] could not read dos header from C:\WINDOWS\System32\WINTRUST.dll
[0330/131740.147:ERROR:process_memory_win.cc(73)] ReadMemory at 0x7ffced610000 of 64 bytes failed: Somente uma parte de um pedido ReadProcessMemory ou WriteProcessMemory foi concluída. (0x12B)
[0330/131740.147:WARNING:pe_image_reader.cc(340)] could not read dos header from C:\WINDOWS\System32\MSASN1.dll
[0330/131740.147:ERROR:process_memory_win.cc(73)] ReadMemory at 0x7ffced830000 of 64 bytes failed: Somente uma parte de um pedido ReadProcessMemory ou WriteProcessMemory foi concluída. (0x12B)
[0330/131740.147:WARNING:pe_image_reader.cc(340)] could not read dos header from C:\WINDOWS\System32\CRYPT32.dll
[0330/131740.147:ERROR:process_memory_win.cc(73)] ReadMemory at 0x247f01c0000 of 64 bytes failed: Somente uma parte de um pedido ReadProcessMemory ou WriteProcessMemory foi concluída. (0x12B)
[0330/131740.147:WARNING:pe_image_reader.cc(340)] could not read dos header from C:\WINDOWS\System32\COMDLG32.dll
[0330/131740.147:ERROR:process_memory_win.cc(73)] ReadMemory at 0x7ffcecbb0000 of 64 bytes failed: Somente uma parte de um pedido ReadProcessMemory ou WriteProcessMemory foi concluída. (0x12B)
[0330/131740.147:WARNING:pe_image_reader.cc(340)] could not read dos header from C:\WINDOWS\SYSTEM32\IPHLPAPI.DLL
[0330/131740.147:ERROR:process_memory_win.cc(73)] ReadMemory at 0x7ffcd7f30000 of 64 bytes failed: Somente uma parte de um pedido ReadProcessMemory ou WriteProcessMemory foi concluída. (0x12B)
[0330/131740.147:WARNING:pe_image_reader.cc(340)] could not read dos header from C:\WINDOWS\SYSTEM32\OLEACC.dll
[0330/131740.147:ERROR:process_memory_win.cc(73)] ReadMemory at 0x7ffcdfbd0000 of 64 bytes failed: Somente uma parte de um pedido ReadProcessMemory ou WriteProcessMemory foi concluída. (0x12B)
[0330/131740.147:WARNING:pe_image_reader.cc(340)] could not read dos header from C:\WINDOWS\SYSTEM32\DWrite.dll
[0330/131740.147:ERROR:process_memory_win.cc(73)] ReadMemory at 0x7ffcec3d0000 of 64 bytes failed: Somente uma parte de um pedido ReadProcessMemory ou WriteProcessMemory foi concluída. (0x12B)
[0330/131740.147:WARNING:pe_image_reader.cc(340)] could not read dos header from C:\WINDOWS\SYSTEM32\dxgi.dll
[0330/131740.147:ERROR:process_memory_win.cc(73)] ReadMemory at 0x7ffcd63f0000 of 64 bytes failed: Somente uma parte de um pedido ReadProcessMemory ou WriteProcessMemory foi concluída. (0x12B)
[0330/131740.147:WARNING:pe_image_reader.cc(340)] could not read dos header from C:\WINDOWS\SYSTEM32\WINSPOOL.DRV
[0330/131740.147:ERROR:process_memory_win.cc(73)] ReadMemory at 0x7ffcda640000 of 64 bytes failed: Somente uma parte de um pedido ReadProcessMemory ou WriteProcessMemory foi concluída. (0x12B)
[0330/131740.147:WARNING:pe_image_reader.cc(340)] could not read dos header from C:\WINDOWS\SYSTEM32\dbghelp.dll
[0330/131740.147:ERROR:process_memory_win.cc(73)] ReadMemory at 0x7ffcd7e70000 of 64 bytes failed: Somente uma parte de um pedido ReadProcessMemory ou WriteProcessMemory foi concluída. (0x12B)
[0330/131740.147:WARNING:pe_image_reader.cc(340)] could not read dos header from C:\WINDOWS\SYSTEM32\USP10.dll
[0330/131740.147:ERROR:process_memory_win.cc(73)] ReadMemory at 0x7ffcde7e0000 of 64 bytes failed: Somente uma parte de um pedido ReadProcessMemory ou WriteProcessMemory foi concluída. (0x12B)
[0330/131740.147:WARNING:pe_image_reader.cc(340)] could not read dos header from C:\WINDOWS\WinSxS\amd64_microsoft.windows.common-controls_6595b64144ccf1df_6.0.17134.590_none_fb3d9bff3069e088\COMCTL32.dll
[0330/131740.147:ERROR:process_memory_win.cc(73)] ReadMemory at 0x7ffce43b0000 of 64 bytes failed: Somente uma parte de um pedido ReadProcessMemory ou WriteProcessMemory foi concluída. (0x12B)
[0330/131740.147:WARNING:pe_image_reader.cc(340)] could not read dos header from C:\WINDOWS\SYSTEM32\WINHTTP.dll
[0330/131740.147:ERROR:process_memory_win.cc(73)] ReadMemory at 0x7ffcdff80000 of 64 bytes failed: Somente uma parte de um pedido ReadProcessMemory ou WriteProcessMemory foi concluída. (0x12B)
[0330/131740.147:WARNING:pe_image_reader.cc(340)] could not read dos header from C:\WINDOWS\SYSTEM32\urlmon.dll
[0330/131740.147:ERROR:process_memory_win.cc(73)] ReadMemory at 0x7ffce1e10000 of 64 bytes failed: Somente uma parte de um pedido ReadProcessMemory ou WriteProcessMemory foi concluída. (0x12B)
[0330/131740.147:WARNING:pe_image_reader.cc(340)] could not read dos header from C:\WINDOWS\SYSTEM32\Secur32.dll
[0330/131740.147:ERROR:process_memory_win.cc(73)] ReadMemory at 0x7ffce4bd0000 of 64 bytes failed: Somente uma parte de um pedido ReadProcessMemory ou WriteProcessMemory foi concluída. (0x12B)
[0330/131740.147:WARNING:pe_image_reader.cc(340)] could not read dos header from C:\WINDOWS\SYSTEM32\dhcpcsvc.DLL
[0330/131740.147:ERROR:process_memory_win.cc(73)] ReadMemory at 0x7ffcf0980000 of 64 bytes failed: Somente uma parte de um pedido ReadProcessMemory ou WriteProcessMemory foi concluída. (0x12B)
[0330/131740.147:WARNING:pe_image_reader.cc(340)] could not read dos header from C:\WINDOWS\System32\NSI.dll
[0330/131740.147:ERROR:process_memory_win.cc(73)] ReadMemory at 0x7ffceb110000 of 64 bytes failed: Somente uma parte de um pedido ReadProcessMemory ou WriteProcessMemory foi concluída. (0x12B)
[0330/131740.147:WARNING:pe_image_reader.cc(340)] could not read dos header from C:\WINDOWS\SYSTEM32\PROPSYS.dll
[0330/131740.147:ERROR:process_memory_win.cc(73)] ReadMemory at 0x7ffced170000 of 64 bytes failed: Somente uma parte de um pedido ReadProcessMemory ou WriteProcessMemory foi concluída. (0x12B)
[0330/131740.147:WARNING:pe_image_reader.cc(340)] could not read dos header from C:\WINDOWS\SYSTEM32\bcrypt.dll
[0330/131740.147:ERROR:process_memory_win.cc(73)] ReadMemory at 0x7ffce0410000 of 64 bytes failed: Somente uma parte de um pedido ReadProcessMemory ou WriteProcessMemory foi concluída. (0x12B)
[0330/131740.147:WARNING:pe_image_reader.cc(340)] could not read dos header from C:\WINDOWS\SYSTEM32\iertutil.dll
[0330/131740.147:ERROR:process_memory_win.cc(73)] ReadMemory at 0x7ffced540000 of 64 bytes failed: Somente uma parte de um pedido ReadProcessMemory ou WriteProcessMemory foi concluída. (0x12B)
[0330/131740.147:WARNING:pe_image_reader.cc(340)] could not read dos header from C:\WINDOWS\SYSTEM32\SSPICLI.DLL
[0330/131740.264:ERROR:process_memory_win.cc(73)] ReadMemory at 0xb9e93ef000 of 69632 bytes failed: Somente uma parte de um pedido ReadProcessMemory ou WriteProcessMemory foi concluída. (0x12B)
[0330/131740.264:ERROR:process_memory_win.cc(73)] ReadMemory at 0xb9e97fe000 of 8192 bytes failed: Somente uma parte de um pedido ReadProcessMemory ou WriteProcessMemory foi concluída. (0x12B)
[0330/131740.264:ERROR:process_memory_win.cc(73)] ReadMemory at 0xb9e9bfe000 of 8192 bytes failed: Somente uma parte de um pedido ReadProcessMemory ou WriteProcessMemory foi concluída. (0x12B)
[0330/131740.264:ERROR:process_memory_win.cc(73)] ReadMemory at 0xb9e9dfe000 of 8192 bytes failed: Somente uma parte de um pedido ReadProcessMemory ou WriteProcessMemory foi concluída. (0x12B)
[0330/131740.264:ERROR:process_memory_win.cc(73)] ReadMemory at 0xb9e9ffe000 of 8192 bytes failed: Somente uma parte de um pedido ReadProcessMemory ou WriteProcessMemory foi concluída. (0x12B)
[0330/131740.264:ERROR:process_memory_win.cc(73)] ReadMemory at 0xb9ea1fd000 of 12288 bytes failed: Somente uma parte de um pedido ReadProcessMemory ou WriteProcessMemory foi concluída. (0x12B)
[0330/131740.266:ERROR:process_memory_win.cc(73)] ReadMemory at 0xb9ea3fe000 of 8192 bytes failed: Somente uma parte de um pedido ReadProcessMemory ou WriteProcessMemory foi concluída. (0x12B)
[0330/131740.266:ERROR:process_memory_win.cc(73)] ReadMemory at 0xb9ea5fe000 of 8192 bytes failed: Somente uma parte de um pedido ReadProcessMemory ou WriteProcessMemory foi concluída. (0x12B)
[0330/131740.266:ERROR:process_memory_win.cc(73)] ReadMemory at 0xb9ea7fc000 of 16384 bytes failed: Somente uma parte de um pedido ReadProcessMemory ou WriteProcessMemory foi concluída. (0x12B)
[0330/131740.266:ERROR:process_memory_win.cc(73)] ReadMemory at 0xb9ea9f7000 of 36864 bytes failed: Somente uma parte de um pedido ReadProcessMemory ou WriteProcessMemory foi concluída. (0x12B)
[0330/131740.266:ERROR:process_memory_win.cc(73)] ReadMemory at 0xb9eabfe000 of 8192 bytes failed: Somente uma parte de um pedido ReadProcessMemory ou WriteProcessMemory foi concluída. (0x12B)
[0330/131740.266:ERROR:process_memory_win.cc(73)] ReadMemory at 0xb9e99fe000 of 8192 bytes failed: Somente uma parte de um pedido ReadProcessMemory ou WriteProcessMemory foi concluída. (0x12B)
[0330/131740.266:ERROR:process_memory_win.cc(73)] ReadMemory at 0xb9eaff8000 of 32768 bytes failed: Somente uma parte de um pedido ReadProcessMemory ou WriteProcessMemory foi concluída. (0x12B)
[0330/131740.266:ERROR:process_memory_win.cc(73)] ReadMemory at 0xb9e95fc000 of 16384 bytes failed: Somente uma parte de um pedido ReadProcessMemory ou WriteProcessMemory foi concluída. (0x12B)
[0330/131740.266:ERROR:process_memory_win.cc(73)] ReadMemory at 0xb9eadfd000 of 12288 bytes failed: Somente uma parte de um pedido ReadProcessMemory ou WriteProcessMemory foi concluída. (0x12B)
[0330/131740.267:ERROR:process_memory_win.cc(73)] ReadMemory at 0xb9eb1ff000 of 4096 bytes failed: Somente uma parte de um pedido ReadProcessMemory ou WriteProcessMemory foi concluída. (0x12B)
[0330/131740.267:ERROR:process_memory_win.cc(73)] ReadMemory at 0xb9e900e000 of 6024 bytes failed: Somente uma parte de um pedido ReadProcessMemory ou WriteProcessMemory foi concluída. (0x12B)
[0330/131740.267:ERROR:process_memory_win.cc(73)] ReadMemory at 0xb9e9018000 of 6024 bytes failed: Somente uma parte de um pedido ReadProcessMemory ou WriteProcessMemory foi concluída. (0x12B)
[0330/131740.267:ERROR:process_memory_win.cc(73)] ReadMemory at 0xb9e901a000 of 6024 bytes failed: Somente uma parte de um pedido ReadProcessMemory ou WriteProcessMemory foi concluída. (0x12B)
[0330/131740.267:ERROR:process_memory_win.cc(73)] ReadMemory at 0xb9e901c000 of 6024 bytes failed: Somente uma parte de um pedido ReadProcessMemory ou WriteProcessMemory foi concluída. (0x12B)
[0330/131740.267:ERROR:process_memory_win.cc(73)] ReadMemory at 0xb9e91c8000 of 852 bytes failed: Somente uma parte de um pedido ReadProcessMemory ou WriteProcessMemory foi concluída. (0x12B)
[0330/131740.267:ERROR:process_memory_win.cc(73)] ReadMemory at 0xb9e91c9000 of 6024 bytes failed: Somente uma parte de um pedido ReadProcessMemory ou WriteProcessMemory foi concluída. (0x12B)
[0330/131740.267:ERROR:process_memory_win.cc(73)] ReadMemory at 0xb9e91cd000 of 6024 bytes failed: Somente uma parte de um pedido ReadProcessMemory ou WriteProcessMemory foi concluída. (0x12B)
[0330/131740.267:ERROR:process_memory_win.cc(73)] ReadMemory at 0xb9e91d1000 of 6024 bytes failed: Somente uma parte de um pedido ReadProcessMemory ou WriteProcessMemory foi concluída. (0x12B)
[0330/131740.267:ERROR:process_memory_win.cc(73)] ReadMemory at 0xb9e91d3000 of 6024 bytes failed: Somente uma parte de um pedido ReadProcessMemory ou WriteProcessMemory foi concluída. (0x12B)
[0330/131740.267:ERROR:process_memory_win.cc(73)] ReadMemory at 0xb9e91d5000 of 6024 bytes failed: Somente uma parte de um pedido ReadProcessMemory ou WriteProcessMemory foi concluída. (0x12B)
[0330/131740.267:ERROR:process_memory_win.cc(73)] ReadMemory at 0xb9e91d7000 of 6024 bytes failed: Somente uma parte de um pedido ReadProcessMemory ou WriteProcessMemory foi concluída. (0x12B)
[0330/131740.267:ERROR:process_memory_win.cc(73)] ReadMemory at 0xb9e91d9000 of 6024 bytes failed: Somente uma parte de um pedido ReadProcessMemory ou WriteProcessMemory foi concluída. (0x12B)
[0330/131740.268:ERROR:process_memory_win.cc(73)] ReadMemory at 0xb9e91db000 of 6024 bytes failed: Somente uma parte de um pedido ReadProcessMemory ou WriteProcessMemory foi concluída. (0x12B)
[0330/131740.268:ERROR:process_memory_win.cc(73)] ReadMemory at 0xb9e91dd000 of 6024 bytes failed: Somente uma parte de um pedido ReadProcessMemory ou WriteProcessMemory foi concluída. (0x12B)
[0330/131740.268:ERROR:process_memory_win.cc(73)] ReadMemory at 0xb9e91df000 of 6024 bytes failed: Somente uma parte de um pedido ReadProcessMemory ou WriteProcessMemory foi concluída. (0x12B)
[0330/131740.268:ERROR:process_memory_win.cc(73)] ReadMemory at 0xb9e91e1000 of 6024 bytes failed: Somente uma parte de um pedido ReadProcessMemory ou WriteProcessMemory foi concluída. (0x12B)
[0330/131740.268:ERROR:process_memory_win.cc(73)] ReadMemory at 0xb9e91e5000 of 6024 bytes failed: Somente uma parte de um pedido ReadProcessMemory ou WriteProcessMemory foi concluída. (0x12B)
[0330/131740.268:ERROR:process_memory_win.cc(73)] ReadMemory at 0x247efd40fc0 of 6248 bytes failed: Somente uma parte de um pedido ReadProcessMemory ou WriteProcessMemory foi concluída. (0x12B)
[0330/131740.268:ERROR:process_memory_win.cc(73)] ReadMemory at 0x247efd42830 of 1012 bytes failed: Somente uma parte de um pedido ReadProcessMemory ou WriteProcessMemory foi concluída. (0x12B)
[0330/131740.268:ERROR:process_memory_win.cc(73)] ReadMemory at 0x247efd42e48 of 118 bytes failed: Somente uma parte de um pedido ReadProcessMemory ou WriteProcessMemory foi concluída. (0x12B)
[0330/131740.268:ERROR:process_memory_win.cc(73)] ReadMemory at 0x247efd42ec0 of 962 bytes failed: Somente uma parte de um pedido ReadProcessMemory ou WriteProcessMemory foi concluída. (0x12B)
[0330/131740.268:ERROR:process_memory_win.cc(73)] ReadMemory at 0x247efd43284 of 118 bytes failed: Somente uma parte de um pedido ReadProcessMemory ou WriteProcessMemory foi concluída. (0x12B)
[0330/131740.302:ERROR:process_memory_win.cc(73)] ReadMemory at 0x247efd432fc of 96 bytes failed: Somente uma parte de um pedido ReadProcessMemory ou WriteProcessMemory foi concluída. (0x12B)
[0330/131740.302:ERROR:process_memory_win.cc(73)] ReadMemory at 0x247efd43370 of 58 bytes failed: Somente uma parte de um pedido ReadProcessMemory ou WriteProcessMemory foi concluída. (0x12B)
[0330/131740.302:ERROR:process_memory_win.cc(73)] ReadMemory at 0x247efd43470 of 132 bytes failed: Somente uma parte de um pedido ReadProcessMemory ou WriteProcessMemory foi concluída. (0x12B)
[0330/131740.304:ERROR:process_memory_win.cc(73)] ReadMemory at 0x247efd43600 of 132 bytes failed: Somente uma parte de um pedido ReadProcessMemory ou WriteProcessMemory foi concluída. (0x12B)
[0330/131740.304:ERROR:process_memory_win.cc(73)] ReadMemory at 0x247efd437c0 of 124 bytes failed: Somente uma parte de um pedido ReadProcessMemory ou WriteProcessMemory foi concluída. (0x12B)
[0330/131740.304:ERROR:process_memory_win.cc(73)] ReadMemory at 0x247efd43ba0 of 132 bytes failed: Somente uma parte de um pedido ReadProcessMemory ou WriteProcessMemory foi concluída. (0x12B)
[0330/131740.304:ERROR:process_memory_win.cc(73)] ReadMemory at 0x247efd43d30 of 64 bytes failed: Somente uma parte de um pedido ReadProcessMemory ou WriteProcessMemory foi concluída. (0x12B)
[0330/131740.304:ERROR:process_memory_win.cc(73)] ReadMemory at 0x247efd43e90 of 132 bytes failed: Somente uma parte de um pedido ReadProcessMemory ou WriteProcessMemory foi concluída. (0x12B)
[0330/131740.304:ERROR:process_memory_win.cc(73)] ReadMemory at 0x247efd44090 of 62 bytes failed: Somente uma parte de um pedido ReadProcessMemory ou WriteProcessMemory foi concluída. (0x12B)
[0330/131740.304:ERROR:process_memory_win.cc(73)] ReadMemory at 0x247efd44180 of 132 bytes failed: Somente uma parte de um pedido ReadProcessMemory ou WriteProcessMemory foi concluída. (0x12B)
[0330/131740.304:ERROR:process_memory_win.cc(73)] ReadMemory at 0x247efd44310 of 68 bytes failed: Somente uma parte de um pedido ReadProcessMemory ou WriteProcessMemory foi concluída. (0x12B)
[0330/131740.304:ERROR:process_memory_win.cc(73)] ReadMemory at 0x247efd4aa70 of 54 bytes failed: Somente uma parte de um pedido ReadProcessMemory ou WriteProcessMemory foi concluída. (0x12B)
[0330/131740.305:ERROR:process_memory_win.cc(73)] ReadMemory at 0x247efd4b1b0 of 132 bytes failed: Somente uma parte de um pedido ReadProcessMemory ou WriteProcessMemory foi concluída. (0x12B)
[0330/131740.329:ERROR:process_memory_win.cc(73)] ReadMemory at 0x247efd4b3c0 of 132 bytes failed: Somente uma parte de um pedido ReadProcessMemory ou WriteProcessMemory foi concluída. (0x12B)
[0330/131740.329:ERROR:process_memory_win.cc(73)] ReadMemory at 0x247efd4b900 of 132 bytes failed: Somente uma parte de um pedido ReadProcessMemory ou WriteProcessMemory foi concluída. (0x12B)
[0330/131740.329:ERROR:process_memory_win.cc(73)] ReadMemory at 0x247efd4ba30 of 60 bytes failed: Somente uma parte de um pedido ReadProcessMemory ou WriteProcessMemory foi concluída. (0x12B)
[0330/131740.329:ERROR:process_memory_win.cc(73)] ReadMemory at 0x247efd4cf80 of 62 bytes failed: Somente uma parte de um pedido ReadProcessMemory ou WriteProcessMemory foi concluída. (0x12B)
[0330/131740.329:ERROR:process_memory_win.cc(73)] ReadMemory at 0x247efd4d230 of 132 bytes failed: Somente uma parte de um pedido ReadProcessMemory ou WriteProcessMemory foi concluída. (0x12B)
[0330/131740.337:ERROR:process_memory_win.cc(73)] ReadMemory at 0x247efd4d3c0 of 64 bytes failed: Somente uma parte de um pedido ReadProcessMemory ou WriteProcessMemory foi concluída. (0x12B)
[0330/131740.337:ERROR:process_memory_win.cc(73)] ReadMemory at 0x247efd4d640 of 132 bytes failed: Somente uma parte de um pedido ReadProcessMemory ou WriteProcessMemory foi concluída. (0x12B)
[0330/131740.337:ERROR:process_memory_win.cc(73)] ReadMemory at 0x247efd4d7d0 of 64 bytes failed: Somente uma parte de um pedido ReadProcessMemory ou WriteProcessMemory foi concluída. (0x12B)
[0330/131740.337:ERROR:process_memory_win.cc(73)] ReadMemory at 0x247efd4da30 of 132 bytes failed: Somente uma parte de um pedido ReadProcessMemory ou WriteProcessMemory foi concluída. (0x12B)
[0330/131740.337:ERROR:process_memory_win.cc(73)] ReadMemory at 0x247efd4dbc0 of 60 bytes failed: Somente uma parte de um pedido ReadProcessMemory ou WriteProcessMemory foi concluída. (0x12B)
[0330/131740.337:ERROR:process_memory_win.cc(73)] ReadMemory at 0x247efd4dee0 of 132 bytes failed: Somente uma parte de um pedido ReadProcessMemory ou WriteProcessMemory foi concluída. (0x12B)
[0330/131740.337:ERROR:process_memory_win.cc(73)] ReadMemory at 0x247efd4e070 of 60 bytes failed: Somente uma parte de um pedido ReadProcessMemory ou WriteProcessMemory foi concluída. (0x12B)
[0330/131740.337:ERROR:process_memory_win.cc(73)] ReadMemory at 0x247efd4e690 of 132 bytes failed: Somente uma parte de um pedido ReadProcessMemory ou WriteProcessMemory foi concluída. (0x12B)
[0330/131740.337:ERROR:process_memory_win.cc(73)] ReadMemory at 0x247efd4e820 of 62 bytes failed: Somente uma parte de um pedido ReadProcessMemory ou WriteProcessMemory foi concluída. (0x12B)
[0330/131740.337:ERROR:process_memory_win.cc(73)] ReadMemory at 0x247efd4eb00 of 132 bytes failed: Somente uma parte de um pedido ReadProcessMemory ou WriteProcessMemory foi concluída. (0x12B)
[0330/131740.337:ERROR:process_memory_win.cc(73)] ReadMemory at 0x247efd4ece0 of 78 bytes failed: Somente uma parte de um pedido ReadProcessMemory ou WriteProcessMemory foi concluída. (0x12B)
[0330/131740.337:ERROR:process_memory_win.cc(73)] ReadMemory at 0x247efd4f280 of 76 bytes failed: Somente uma parte de um pedido ReadProcessMemory ou WriteProcessMemory foi concluída. (0x12B)
[0330/131740.337:ERROR:process_memory_win.cc(73)] ReadMemory at 0x247efd4f3a0 of 80 bytes failed: Somente uma parte de um pedido ReadProcessMemory ou WriteProcessMemory foi concluída. (0x12B)
[0330/131740.337:ERROR:process_memory_win.cc(73)] ReadMemory at 0x247efd4f630 of 132 bytes failed: Somente uma parte de um pedido ReadProcessMemory ou WriteProcessMemory foi concluída. (0x12B)
[0330/131740.337:ERROR:process_memory_win.cc(73)] ReadMemory at 0x247efd4fb10 of 132 bytes failed: Somente uma parte de um pedido ReadProcessMemory ou WriteProcessMemory foi concluída. (0x12B)
[0330/131740.337:ERROR:process_memory_win.cc(73)] ReadMemory at 0x247efd4fec0 of 62 bytes failed: Somente uma parte de um pedido ReadProcessMemory ou WriteProcessMemory foi concluída. (0x12B)
[0330/131740.337:ERROR:process_memory_win.cc(73)] ReadMemory at 0x247efd4ff10 of 58 bytes failed: Somente uma parte de um pedido ReadProcessMemory ou WriteProcessMemory foi concluída. (0x12B)
[0330/131740.337:ERROR:process_memory_win.cc(73)] ReadMemory at 0x247efd4ff60 of 66 bytes failed: Somente uma parte de um pedido ReadProcessMemory ou WriteProcessMemory foi concluída. (0x12B)
[0330/131740.337:ERROR:process_memory_win.cc(73)] ReadMemory at 0x247efd4ffb0 of 62 bytes failed: Somente uma parte de um pedido ReadProcessMemory ou WriteProcessMemory foi concluída. (0x12B)
[0330/131740.337:ERROR:process_memory_win.cc(73)] ReadMemory at 0x247efd50000 of 58 bytes failed: Somente uma parte de um pedido ReadProcessMemory ou WriteProcessMemory foi concluída. (0x12B)
[0330/131740.337:ERROR:process_memory_win.cc(73)] ReadMemory at 0x247efd50050 of 66 bytes failed: Somente uma parte de um pedido ReadProcessMemory ou WriteProcessMemory foi concluída. (0x12B)
[0330/131740.337:ERROR:process_memory_win.cc(73)] ReadMemory at 0x247efd500a0 of 60 bytes failed: Somente uma parte de um pedido ReadProcessMemory ou WriteProcessMemory foi concluída. (0x12B)
[0330/131740.337:ERROR:process_memory_win.cc(73)] ReadMemory at 0x247efd500f0 of 62 bytes failed: Somente uma parte de um pedido ReadProcessMemory ou WriteProcessMemory foi concluída. (0x12B)
[0330/131740.337:ERROR:process_memory_win.cc(73)] ReadMemory at 0x247efd50140 of 62 bytes failed: Somente uma parte de um pedido ReadProcessMemory ou WriteProcessMemory foi concluída. (0x12B)
[0330/131740.337:ERROR:process_memory_win.cc(73)] ReadMemory at 0x247efd50190 of 60 bytes failed: Somente uma parte de um pedido ReadProcessMemory ou WriteProcessMemory foi concluída. (0x12B)
[0330/131740.337:ERROR:process_memory_win.cc(73)] ReadMemory at 0x247efd501e0 of 64 bytes failed: Somente uma parte de um pedido ReadProcessMemory ou WriteProcessMemory foi concluída. (0x12B)
[0330/131740.337:ERROR:process_memory_win.cc(73)] ReadMemory at 0x247efd50230 of 64 bytes failed: Somente uma parte de um pedido ReadProcessMemory ou WriteProcessMemory foi concluída. (0x12B)
[0330/131740.371:ERROR:process_memory_win.cc(73)] ReadMemory at 0x247efd50280 of 62 bytes failed: Somente uma parte de um pedido ReadProcessMemory ou WriteProcessMemory foi concluída. (0x12B)
[0330/131740.371:ERROR:process_memory_win.cc(73)] ReadMemory at 0x247efd502d0 of 60 bytes failed: Somente uma parte de um pedido ReadProcessMemory ou WriteProcessMemory foi concluída. (0x12B)
[0330/131740.375:ERROR:process_memory_win.cc(73)] ReadMemory at 0x247efd51570 of 132 bytes failed: Somente uma parte de um pedido ReadProcessMemory ou WriteProcessMemory foi concluída. (0x12B)
[0330/131740.497:ERROR:process_memory_win.cc(73)] ReadMemory at 0x247efd516a0 of 156 bytes failed: Somente uma parte de um pedido ReadProcessMemory ou WriteProcessMemory foi concluída. (0x12B)
[0330/131740.497:ERROR:process_memory_win.cc(73)] ReadMemory at 0x247efd517c0 of 132 bytes failed: Somente uma parte de um pedido ReadProcessMemory ou WriteProcessMemory foi concluída. (0x12B)
[0330/131740.497:ERROR:process_memory_win.cc(73)] ReadMemory at 0x247efd518f0 of 132 bytes failed: Somente uma parte de um pedido ReadProcessMemory ou WriteProcessMemory foi concluída. (0x12B)
[0330/131740.497:ERROR:process_memory_win.cc(73)] ReadMemory at 0x247efd51a20 of 132 bytes failed: Somente uma parte de um pedido ReadProcessMemory ou WriteProcessMemory foi concluída. (0x12B)
[0330/131740.497:ERROR:process_memory_win.cc(73)] ReadMemory at 0x247efd51b50 of 132 bytes failed: Somente uma parte de um pedido ReadProcessMemory ou WriteProcessMemory foi concluída. (0x12B)
[0330/131740.497:ERROR:process_memory_win.cc(73)] ReadMemory at 0x247efd51c80 of 132 bytes failed: Somente uma parte de um pedido ReadProcessMemory ou WriteProcessMemory foi concluída. (0x12B)
[0330/131740.497:ERROR:process_memory_win.cc(73)] ReadMemory at 0x247efd51db0 of 132 bytes failed: Somente uma parte de um pedido ReadProcessMemory ou WriteProcessMemory foi concluída. (0x12B)
[0330/131740.497:ERROR:process_memory_win.cc(73)] ReadMemory at 0x247efd51ee0 of 132 bytes failed: Somente uma parte de um pedido ReadProcessMemory ou WriteProcessMemory foi concluída. (0x12B)
[0330/131740.497:ERROR:process_memory_win.cc(73)] ReadMemory at 0x247efd52010 of 132 bytes failed: Somente uma parte de um pedido ReadProcessMemory ou WriteProcessMemory foi concluída. (0x12B)
[0330/131740.497:ERROR:process_memory_win.cc(73)] ReadMemory at 0x247efd52140 of 132 bytes failed: Somente uma parte de um pedido ReadProcessMemory ou WriteProcessMemory foi concluída. (0x12B)
[0330/131740.497:ERROR:process_memory_win.cc(73)] ReadMemory at 0x247efd52270 of 132 bytes failed: Somente uma parte de um pedido ReadProcessMemory ou WriteProcessMemory foi concluída. (0x12B)
[0330/131740.507:ERROR:process_memory_win.cc(73)] ReadMemory at 0x247efd523a0 of 132 bytes failed: Somente uma parte de um pedido ReadProcessMemory ou WriteProcessMemory foi concluída. (0x12B)
[0330/131740.511:ERROR:process_memory_win.cc(73)] ReadMemory at 0x247efd524d0 of 132 bytes failed: Somente uma parte de um pedido ReadProcessMemory ou WriteProcessMemory foi concluída. (0x12B)
[0330/131740.511:ERROR:process_memory_win.cc(73)] ReadMemory at 0x247efd52600 of 132 bytes failed: Somente uma parte de um pedido ReadProcessMemory ou WriteProcessMemory foi concluída. (0x12B)
[0330/131740.511:ERROR:process_memory_win.cc(73)] ReadMemory at 0x247efd53ca0 of 512 bytes failed: Somente uma parte de um pedido ReadProcessMemory ou WriteProcessMemory foi concluída. (0x12B)
[0330/131740.511:ERROR:process_memory_win.cc(73)] ReadMemory at 0x247efd540e0 of 152 bytes failed: Somente uma parte de um pedido ReadProcessMemory ou WriteProcessMemory foi concluída. (0x12B)
[0330/131740.511:ERROR:process_memory_win.cc(73)] ReadMemory at 0x247efd55a10 of 132 bytes failed: Somente uma parte de um pedido ReadProcessMemory ou WriteProcessMemory foi concluída. (0x12B)
[0330/131740.511:ERROR:process_memory_win.cc(73)] ReadMemory at 0x247efd55b40 of 132 bytes failed: Somente uma parte de um pedido ReadProcessMemory ou WriteProcessMemory foi concluída. (0x12B)
[0330/131740.511:ERROR:process_memory_win.cc(73)] ReadMemory at 0x247efd55c70 of 132 bytes failed: Somente uma parte de um pedido ReadProcessMemory ou WriteProcessMemory foi concluída. (0x12B)
[0330/131740.511:ERROR:process_memory_win.cc(73)] ReadMemory at 0x247efd55da0 of 132 bytes failed: Somente uma parte de um pedido ReadProcessMemory ou WriteProcessMemory foi concluída. (0x12B)
[0330/131740.511:ERROR:process_memory_win.cc(73)] ReadMemory at 0x247efd55ed0 of 132 bytes failed: Somente uma parte de um pedido ReadProcessMemory ou WriteProcessMemory foi concluída. (0x12B)
[0330/131740.511:ERROR:process_memory_win.cc(73)] ReadMemory at 0x247efd56000 of 132 bytes failed: Somente uma parte de um pedido ReadProcessMemory ou WriteProcessMemory foi concluída. (0x12B)
[0330/131740.511:ERROR:process_memory_win.cc(73)] ReadMemory at 0x247efd56130 of 132 bytes failed: Somente uma parte de um pedido ReadProcessMemory ou WriteProcessMemory foi concluída. (0x12B)
[0330/131740.557:ERROR:process_memory_win.cc(73)] ReadMemory at 0x247efd56260 of 132 bytes failed: Somente uma parte de um pedido ReadProcessMemory ou WriteProcessMemory foi concluída. (0x12B)
[0330/131740.557:ERROR:process_memory_win.cc(73)] ReadMemory at 0x247efd56390 of 132 bytes failed: Somente uma parte de um pedido ReadProcessMemory ou WriteProcessMemory foi concluída. (0x12B)
[0330/131740.557:ERROR:process_memory_win.cc(73)] ReadMemory at 0x247efd564c0 of 132 bytes failed: Somente uma parte de um pedido ReadProcessMemory ou WriteProcessMemory foi concluída. (0x12B)
[0330/131740.720:ERROR:process_memory_win.cc(73)] ReadMemory at 0x247efd565f0 of 132 bytes failed: Somente uma parte de um pedido ReadProcessMemory ou WriteProcessMemory foi concluída. (0x12B)
[0330/131740.720:ERROR:process_memory_win.cc(73)] ReadMemory at 0x247efd56720 of 132 bytes failed: Somente uma parte de um pedido ReadProcessMemory ou WriteProcessMemory foi concluída. (0x12B)
[0330/131740.720:ERROR:process_memory_win.cc(73)] ReadMemory at 0x247efd56850 of 132 bytes failed: Somente uma parte de um pedido ReadProcessMemory ou WriteProcessMemory foi concluída. (0x12B)
[0330/131740.720:ERROR:process_memory_win.cc(73)] ReadMemory at 0x247efd56980 of 132 bytes failed: Somente uma parte de um pedido ReadProcessMemory ou WriteProcessMemory foi concluída. (0x12B)
[0330/131740.724:ERROR:process_memory_win.cc(73)] ReadMemory at 0x247efd56ab0 of 132 bytes failed: Somente uma parte de um pedido ReadProcessMemory ou WriteProcessMemory foi concluída. (0x12B)
[0330/131740.724:ERROR:process_memory_win.cc(73)] ReadMemory at 0x247efd56d10 of 132 bytes failed: Somente uma parte de um pedido ReadProcessMemory ou WriteProcessMemory foi concluída. (0x12B)
[0330/131740.724:ERROR:process_memory_win.cc(73)] ReadMemory at 0x247efd56e40 of 132 bytes failed: Somente uma parte de um pedido ReadProcessMemory ou WriteProcessMemory foi concluída. (0x12B)
[0330/131740.724:ERROR:process_memory_win.cc(73)] ReadMemory at 0x247efd56f70 of 132 bytes failed: Somente uma parte de um pedido ReadProcessMemory ou WriteProcessMemory foi concluída. (0x12B)
[0330/131740.781:ERROR:process_memory_win.cc(73)] ReadMemory at 0x247efd570a0 of 132 bytes failed: Somente uma parte de um pedido ReadProcessMemory ou WriteProcessMemory foi concluída. (0x12B)
[0330/131740.791:ERROR:process_memory_win.cc(73)] ReadMemory at 0x247efd571d0 of 132 bytes failed: Somente uma parte de um pedido ReadProcessMemory ou WriteProcessMemory foi concluída. (0x12B)
[0330/131740.791:ERROR:process_memory_win.cc(73)] ReadMemory at 0x247efd57300 of 132 bytes failed: Somente uma parte de um pedido ReadProcessMemory ou WriteProcessMemory foi concluída. (0x12B)
[0330/131740.791:ERROR:process_memory_win.cc(73)] ReadMemory at 0x247efd57430 of 132 bytes failed: Somente uma parte de um pedido ReadProcessMemory ou WriteProcessMemory foi concluída. (0x12B)
[0330/131740.791:ERROR:process_memory_win.cc(73)] ReadMemory at 0x247efd57560 of 132 bytes failed: Somente uma parte de um pedido ReadProcessMemory ou WriteProcessMemory foi concluída. (0x12B)
[0330/131740.791:ERROR:process_memory_win.cc(73)] ReadMemory at 0x247efd577c0 of 132 bytes failed: Somente uma parte de um pedido ReadProcessMemory ou WriteProcessMemory foi concluída. (0x12B)
[0330/131740.791:ERROR:process_memory_win.cc(73)] ReadMemory at 0x247efd5a060 of 66 bytes failed: Somente uma parte de um pedido ReadProcessMemory ou WriteProcessMemory foi concluída. (0x12B)
[0330/131740.791:ERROR:process_memory_win.cc(73)] ReadMemory at 0x247efd5a4c0 of 66 bytes failed: Somente uma parte de um pedido ReadProcessMemory ou WriteProcessMemory foi concluída. (0x12B)
[0330/131740.791:ERROR:process_memory_win.cc(73)] ReadMemory at 0x247efd5a560 of 58 bytes failed: Somente uma parte de um pedido ReadProcessMemory ou WriteProcessMemory foi concluída. (0x12B)
[0330/131740.791:ERROR:process_memory_win.cc(73)] ReadMemory at 0x247efd63c30 of 64 bytes failed: Somente uma parte de um pedido ReadProcessMemory ou WriteProcessMemory foi concluída. (0x12B)
[0330/131740.791:ERROR:process_memory_win.cc(73)] ReadMemory at 0x247efd63c80 of 64 bytes failed: Somente uma parte de um pedido ReadProcessMemory ou WriteProcessMemory foi concluída. (0x12B)
[0330/131740.791:ERROR:process_memory_win.cc(73)] ReadMemory at 0x247efd63e60 of 58 bytes failed: Somente uma parte de um pedido ReadProcessMemory ou WriteProcessMemory foi concluída. (0x12B)
[0330/131740.791:ERROR:process_memory_win.cc(73)] ReadMemory at 0x247efd63f00 of 60 bytes failed: Somente uma parte de um pedido ReadProcessMemory ou WriteProcessMemory foi concluída. (0x12B)
[0330/131740.791:ERROR:process_memory_win.cc(73)] ReadMemory at 0x247efd63f50 of 56 bytes failed: Somente uma parte de um pedido ReadProcessMemory ou WriteProcessMemory foi concluída. (0x12B)
[0330/131740.791:ERROR:process_memory_win.cc(73)] ReadMemory at 0x247efd63fa0 of 64 bytes failed: Somente uma parte de um pedido ReadProcessMemory ou WriteProcessMemory foi concluída. (0x12B)
[0330/131740.791:ERROR:process_memory_win.cc(73)] ReadMemory at 0x247efd63ff0 of 62 bytes failed: Somente uma parte de um pedido ReadProcessMemory ou WriteProcessMemory foi concluída. (0x12B)
[0330/131740.828:ERROR:process_memory_win.cc(73)] ReadMemory at 0x247efd640e0 of 64 bytes failed: Somente uma parte de um pedido ReadProcessMemory ou WriteProcessMemory foi concluída. (0x12B)
[0330/131740.828:ERROR:process_memory_win.cc(73)] ReadMemory at 0x247efd64130 of 60 bytes failed: Somente uma parte de um pedido ReadProcessMemory ou WriteProcessMemory foi concluída. (0x12B)
[0330/131740.828:ERROR:process_memory_win.cc(73)] ReadMemory at 0x247efd64220 of 62 bytes failed: Somente uma parte de um pedido ReadProcessMemory ou WriteProcessMemory foi concluída. (0x12B)
[0330/131740.828:ERROR:process_memory_win.cc(73)] ReadMemory at 0x247efd64270 of 60 bytes failed: Somente uma parte de um pedido ReadProcessMemory ou WriteProcessMemory foi concluída. (0x12B)
[0330/131740.828:ERROR:process_memory_win.cc(73)] ReadMemory at 0x247efd642c0 of 62 bytes failed: Somente uma parte de um pedido ReadProcessMemory ou WriteProcessMemory foi concluída. (0x12B)
[0330/131740.828:ERROR:process_memory_win.cc(73)] ReadMemory at 0x247efd644a0 of 60 bytes failed: Somente uma parte de um pedido ReadProcessMemory ou WriteProcessMemory foi concluída. (0x12B)
[0330/131740.837:ERROR:process_memory_win.cc(73)] ReadMemory at 0x247efd645e0 of 62 bytes failed: Somente uma parte de um pedido ReadProcessMemory ou WriteProcessMemory foi concluída. (0x12B)
[0330/131740.837:ERROR:process_memory_win.cc(73)] ReadMemory at 0x247efd64720 of 64 bytes failed: Somente uma parte de um pedido ReadProcessMemory ou WriteProcessMemory foi concluída. (0x12B)
[0330/131740.837:ERROR:process_memory_win.cc(73)] ReadMemory at 0x247efd64770 of 62 bytes failed: Somente uma parte de um pedido ReadProcessMemory ou WriteProcessMemory foi concluída. (0x12B)
[0330/131740.837:ERROR:process_memory_win.cc(73)] ReadMemory at 0x247efd64810 of 58 bytes failed: Somente uma parte de um pedido ReadProcessMemory ou WriteProcessMemory foi concluída. (0x12B)
[0330/131740.837:ERROR:process_memory_win.cc(73)] ReadMemory at 0x247efd64860 of 60 bytes failed: Somente uma parte de um pedido ReadProcessMemory ou WriteProcessMemory foi concluída. (0x12B)
[0330/131740.837:ERROR:process_memory_win.cc(73)] ReadMemory at 0x247efd648b0 of 64 bytes failed: Somente uma parte de um pedido ReadProcessMemory ou WriteProcessMemory foi concluída. (0x12B)
[0330/131740.837:ERROR:process_memory_win.cc(73)] ReadMemory at 0x247efd64950 of 62 bytes failed: Somente uma parte de um pedido ReadProcessMemory ou WriteProcessMemory foi concluída. (0x12B)
[0330/131740.837:ERROR:process_memory_win.cc(73)] ReadMemory at 0x247efd649a0 of 60 bytes failed: Somente uma parte de um pedido ReadProcessMemory ou WriteProcessMemory foi concluída. (0x12B)
[0330/131740.837:ERROR:process_memory_win.cc(73)] ReadMemory at 0x247efd649f0 of 64 bytes failed: Somente uma parte de um pedido ReadProcessMemory ou WriteProcessMemory foi concluída. (0x12B)
[0330/131740.837:ERROR:process_memory_win.cc(73)] ReadMemory at 0x247efd67970 of 246 bytes failed: Somente uma parte de um pedido ReadProcessMemory ou WriteProcessMemory foi concluída. (0x12B)
[0330/131740.841:ERROR:process_memory_win.cc(73)] ReadMemory at 0x247efd6a1c0 of 132 bytes failed: Somente uma parte de um pedido ReadProcessMemory ou WriteProcessMemory foi concluída. (0x12B)
[0330/131740.841:ERROR:process_memory_win.cc(73)] ReadMemory at 0x247efd6a2f0 of 132 bytes failed: Somente uma parte de um pedido ReadProcessMemory ou WriteProcessMemory foi concluída. (0x12B)
[0330/131740.841:ERROR:process_memory_win.cc(73)] ReadMemory at 0x247efd6b000 of 132 bytes failed: Somente uma parte de um pedido ReadProcessMemory ou WriteProcessMemory foi concluída. (0x12B)
[0330/131740.841:ERROR:process_memory_win.cc(73)] ReadMemory at 0x247efd6b260 of 132 bytes failed: Somente uma parte de um pedido ReadProcessMemory ou WriteProcessMemory foi concluída. (0x12B)
[0330/131740.841:ERROR:process_memory_win.cc(73)] ReadMemory at 0x247efd7cfb0 of 512 bytes failed: Somente uma parte de um pedido ReadProcessMemory ou WriteProcessMemory foi concluída. (0x12B)
[0330/131740.841:ERROR:process_memory_win.cc(73)] ReadMemory at 0x247efea0c70 of 512 bytes failed: Somente uma parte de um pedido ReadProcessMemory ou WriteProcessMemory foi concluída. (0x12B)
[0330/131740.841:ERROR:process_memory_win.cc(73)] ReadMemory at 0x247efea0fa0 of 512 bytes failed: Somente uma parte de um pedido ReadProcessMemory ou WriteProcessMemory foi concluída. (0x12B)
[0330/131740.841:ERROR:process_memory_win.cc(73)] ReadMemory at 0x247efea4660 of 512 bytes failed: Somente uma parte de um pedido ReadProcessMemory ou WriteProcessMemory foi concluída. (0x12B)
[0330/131740.841:ERROR:process_memory_win.cc(73)] ReadMemory at 0x247f02f6370 of 512 bytes failed: Somente uma parte de um pedido ReadProcessMemory ou WriteProcessMemory foi concluída. (0x12B)
[0330/131740.867:ERROR:process_memory_win.cc(73)] ReadMemory at 0x247f02f7500 of 512 bytes failed: Somente uma parte de um pedido ReadProcessMemory ou WriteProcessMemory foi concluída. (0x12B)
[0330/131740.867:ERROR:process_memory_win.cc(73)] ReadMemory at 0x247f0303fd0 of 512 bytes failed: Somente uma parte de um pedido ReadProcessMemory ou WriteProcessMemory foi concluída. (0x12B)
[0330/131740.881:ERROR:process_memory_win.cc(73)] ReadMemory at 0x247f03190b0 of 512 bytes failed: Somente uma parte de um pedido ReadProcessMemory ou WriteProcessMemory foi concluída. (0x12B)
[0330/131740.955:ERROR:process_memory_win.cc(73)] ReadMemory at 0x247f031a1f0 of 512 bytes failed: Somente uma parte de um pedido ReadProcessMemory ou WriteProcessMemory foi concluída. (0x12B)
[0330/131740.955:ERROR:process_memory_win.cc(73)] ReadMemory at 0x247f031e3c0 of 696 bytes failed: Somente uma parte de um pedido ReadProcessMemory ou WriteProcessMemory foi concluída. (0x12B)
[0330/131740.955:ERROR:process_memory_win.cc(73)] ReadMemory at 0x247f0321920 of 512 bytes failed: Somente uma parte de um pedido ReadProcessMemory ou WriteProcessMemory foi concluída. (0x12B)
[0330/131740.974:ERROR:process_memory_win.cc(73)] ReadMemory at 0x247f03235e0 of 512 bytes failed: Somente uma parte de um pedido ReadProcessMemory ou WriteProcessMemory foi concluída. (0x12B)
[0330/131740.974:ERROR:process_memory_win.cc(73)] ReadMemory at 0x247f0363c00 of 512 bytes failed: Somente uma parte de um pedido ReadProcessMemory ou WriteProcessMemory foi concluída. (0x12B)
[0330/131740.974:ERROR:process_memory_win.cc(73)] ReadMemory at 0x247f0363e40 of 512 bytes failed: Somente uma parte de um pedido ReadProcessMemory ou WriteProcessMemory foi concluída. (0x12B)
[0330/131740.975:ERROR:process_memory_win.cc(73)] ReadMemory at 0x247f037f3f0 of 512 bytes failed: Somente uma parte de um pedido ReadProcessMemory ou WriteProcessMemory foi concluída. (0x12B)
[0330/131740.975:ERROR:process_memory_win.cc(73)] ReadMemory at 0x247f20c1050 of 512 bytes failed: Somente uma parte de um pedido ReadProcessMemory ou WriteProcessMemory foi concluída. (0x12B)
[0330/131740.975:ERROR:process_memory_win.cc(73)] ReadMemory at 0x247f20ecd90 of 512 bytes failed: Somente uma parte de um pedido ReadProcessMemory ou WriteProcessMemory foi concluída. (0x12B)
[0330/131740.975:ERROR:process_memory_win.cc(73)] ReadMemory at 0x247f20ffed0 of 512 bytes failed: Somente uma parte de um pedido ReadProcessMemory ou WriteProcessMemory foi concluída. (0x12B)
[0330/131740.975:ERROR:process_memory_win.cc(73)] ReadMemory at 0x247f2175da0 of 512 bytes failed: Somente uma parte de um pedido ReadProcessMemory ou WriteProcessMemory foi concluída. (0x12B)
[0330/131740.975:ERROR:process_memory_win.cc(73)] ReadMemory at 0x247f23278a0 of 592 bytes failed: Somente uma parte de um pedido ReadProcessMemory ou WriteProcessMemory foi concluída. (0x12B)
[0330/131740.975:ERROR:process_memory_win.cc(73)] ReadMemory at 0x247f23feaf0 of 512 bytes failed: Somente uma parte de um pedido ReadProcessMemory ou WriteProcessMemory foi concluída. (0x12B)
[0330/131740.975:ERROR:process_memory_win.cc(73)] ReadMemory at 0x247f2570010 of 512 bytes failed: Somente uma parte de um pedido ReadProcessMemory ou WriteProcessMemory foi concluída. (0x12B)
[0330/131740.976:ERROR:process_memory_win.cc(73)] ReadMemory at 0x247f25b47c0 of 512 bytes failed: Somente uma parte de um pedido ReadProcessMemory ou WriteProcessMemory foi concluída. (0x12B)
[0330/131740.976:ERROR:process_memory_win.cc(73)] ReadMemory at 0x247f3cdbf20 of 600 bytes failed: Somente uma parte de um pedido ReadProcessMemory ou WriteProcessMemory foi concluída. (0x12B)
[0330/131740.976:ERROR:process_memory_win.cc(73)] ReadMemory at 0x247f3e723a0 of 512 bytes failed: Somente uma parte de um pedido ReadProcessMemory ou WriteProcessMemory foi concluída. (0x12B)
[0330/131740.976:ERROR:process_memory_win.cc(73)] ReadMemory at 0x247f3f060e0 of 512 bytes failed: Somente uma parte de um pedido ReadProcessMemory ou WriteProcessMemory foi concluída. (0x12B)
[0330/131740.976:ERROR:process_memory_win.cc(73)] ReadMemory at 0x247f55af200 of 512 bytes failed: Somente uma parte de um pedido ReadProcessMemory ou WriteProcessMemory foi concluída. (0x12B)
[0330/131740.977:ERROR:process_memory_win.cc(73)] ReadMemory at 0x247f7292000 of 416 bytes failed: Somente uma parte de um pedido ReadProcessMemory ou WriteProcessMemory foi concluída. (0x12B)
[0330/131740.977:ERROR:process_memory_win.cc(73)] ReadMemory at 0x79f2e2cbaf0 of 512 bytes failed: Somente uma parte de um pedido ReadProcessMemory ou WriteProcessMemory foi concluída. (0x12B)
[0330/131740.977:ERROR:process_memory_win.cc(73)] ReadMemory at 0x79f2e2fff80 of 128 bytes failed: Somente uma parte de um pedido ReadProcessMemory ou WriteProcessMemory foi concluída. (0x12B)
[0330/131740.977:ERROR:process_memory_win.cc(73)] ReadMemory at 0x182c56980000 of 384 bytes failed: Somente uma parte de um pedido ReadProcessMemory ou WriteProcessMemory foi concluída. (0x12B)
[0330/131740.986:ERROR:process_memory_win.cc(73)] ReadMemory at 0x19e14ab00451 of 512 bytes failed: Somente uma parte de um pedido ReadProcessMemory ou WriteProcessMemory foi concluída. (0x12B)
[0330/131740.992:ERROR:process_memory_win.cc(73)] ReadMemory at 0x1cab2b920728 of 513 bytes failed: Somente uma parte de um pedido ReadProcessMemory ou WriteProcessMemory foi concluída. (0x12B)
[0330/131740.992:ERROR:process_memory_win.cc(73)] ReadMemory at 0x1cab2b921929 of 512 bytes failed: Somente uma parte de um pedido ReadProcessMemory ou WriteProcessMemory foi concluída. (0x12B)
[0330/131740.993:ERROR:process_memory_win.cc(73)] ReadMemory at 0x1cab2b921f58 of 513 bytes failed: Somente uma parte de um pedido ReadProcessMemory ou WriteProcessMemory foi concluída. (0x12B)
[0330/131740.993:ERROR:process_memory_win.cc(73)] ReadMemory at 0x4bd2c78f8069 of 512 bytes failed: Somente uma parte de um pedido ReadProcessMemory ou WriteProcessMemory foi concluída. (0x12B)
[0330/131740.993:ERROR:process_memory_win.cc(73)] ReadMemory at 0x7ffcaa16f318 of 512 bytes failed: Somente uma parte de um pedido ReadProcessMemory ou WriteProcessMemory foi concluída. (0x12B)
[0330/131740.993:ERROR:process_memory_win.cc(73)] ReadMemory at 0x7ffcaa17c73b of 512 bytes failed: Somente uma parte de um pedido ReadProcessMemory ou WriteProcessMemory foi concluída. (0x12B)
[0330/131740.993:ERROR:process_memory_win.cc(73)] ReadMemory at 0x7ffcab56cfd3 of 512 bytes failed: Somente uma parte de um pedido ReadProcessMemory ou WriteProcessMemory foi concluída. (0x12B)
[0330/131740.993:ERROR:process_memory_win.cc(73)] ReadMemory at 0x7ffcae031238 of 512 bytes failed: Somente uma parte de um pedido ReadProcessMemory ou WriteProcessMemory foi concluída. (0x12B)
[0330/131740.993:ERROR:process_memory_win.cc(73)] ReadMemory at 0x7ffcae3c1070 of 512 bytes failed: Somente uma parte de um pedido ReadProcessMemory ou WriteProcessMemory foi concluída. (0x12B)
[0330/131740.993:ERROR:process_memory_win.cc(73)] ReadMemory at 0x7ffcce75e6ee of 512 bytes failed: Somente uma parte de um pedido ReadProcessMemory ou WriteProcessMemory foi concluída. (0x12B)
[0330/131740.994:ERROR:process_memory_win.cc(73)] ReadMemory at 0x7ffcce75f823 of 512 bytes failed: Somente uma parte de um pedido ReadProcessMemory ou WriteProcessMemory foi concluída. (0x12B)
[0330/131740.995:ERROR:process_memory_win.cc(73)] ReadMemory at 0x7ffcf0030b90 of 512 bytes failed: Somente uma parte de um pedido ReadProcessMemory ou WriteProcessMemory foi concluída. (0x12B)
[0330/131740.995:ERROR:process_memory_win.cc(73)] ReadMemory at 0x7ffcf1326270 of 512 bytes failed: Somente uma parte de um pedido ReadProcessMemory ou WriteProcessMemory foi concluída. (0x12B)
[0330/131740.995:ERROR:process_memory_win.cc(73)] ReadMemory at 0x7ffcf13279f0 of 512 bytes failed: Somente uma parte de um pedido ReadProcessMemory ou WriteProcessMemory foi concluída. (0x12B)
[0330/131741.005:ERROR:process_memory_win.cc(73)] ReadMemory at 0x7ffcf13282e0 of 512 bytes failed: Somente uma parte de um pedido ReadProcessMemory ou WriteProcessMemory foi concluída. (0x12B)
[0330/131741.022:ERROR:process_memory_win.cc(73)] ReadMemory at 0x7ffcf132a0d0 of 512 bytes failed: Somente uma parte de um pedido ReadProcessMemory ou WriteProcessMemory foi concluída. (0x12B)
[0330/131741.022:ERROR:process_memory_win.cc(73)] ReadMemory at 0x7ffcf139a9a4 of 672 bytes failed: Somente uma parte de um pedido ReadProcessMemory ou WriteProcessMemory foi concluída. (0x12B)
[0330/131741.022:ERROR:process_memory_win.cc(73)] ReadMemory at 0x7ffcf139e214 of 608 bytes failed: Somente uma parte de um pedido ReadProcessMemory ou WriteProcessMemory foi concluída. (0x12B)
[0330/131741.022:ERROR:process_memory_win.cc(73)] ReadMemory at 0x7ffcf1419380 of 512 bytes failed: Somente uma parte de um pedido ReadProcessMemory ou WriteProcessMemory foi concluída. (0x12B)
[0330/131741.022:ERROR:process_memory_win.cc(73)] ReadMemory at 0x7ffcf14201e0 of 18 bytes failed: Somente uma parte de um pedido ReadProcessMemory ou WriteProcessMemory foi concluída. (0x12B)
[0330/131741.025:ERROR:process_memory_win.cc(73)] ReadMemory at 0x7ffcf14565b0 of 40 bytes failed: Somente uma parte de um pedido ReadProcessMemory ou WriteProcessMemory foi concluída. (0x12B)
[0330/131741.025:ERROR:process_memory_win.cc(73)] ReadMemory at 0x7ffcf1456a08 of 48 bytes failed: Somente uma parte de um pedido ReadProcessMemory ou WriteProcessMemory foi concluída. (0x12B)
[0330/131741.025:ERROR:process_memory_win.cc(73)] ReadMemory at 0x7ffcf145c360 of 64 bytes failed: Somente uma parte de um pedido ReadProcessMemory ou WriteProcessMemory foi concluída. (0x12B)
[0330/131741.067:ERROR:scoped_process_suspend.cc(40)] NtResumeProcess: Tentou-se acessar um processo de saída. (0xc000010a)
